<?xml version="1.0" encoding="UTF-8"?>
<testsuite name="com.yassine.jaa.service.AccountServiceTest" tests="1" skipped="0" failures="0" errors="0" timestamp="2025-01-05T17:06:53" hostname="LAPTOP-N4D6H305" time="2.528">
  <properties/>
  <testcase name="testGetAccount()" classname="com.yassine.jaa.service.AccountServiceTest" time="2.528"/>
  <system-out><![CDATA[]]></system-out>
  <system-err><![CDATA[]]></system-err>
</testsuite>
